mode: set
the-go-programming-language-exercise/ch7/myeval/check.go:8.42,11.2 2 1
the-go-programming-language-exercise/ch7/myeval/check.go:13.47,15.2 1 1
the-go-programming-language-exercise/ch7/myeval/check.go:17.44,18.37 1 1
the-go-programming-language-exercise/ch7/myeval/check.go:21.2,21.24 1 1
the-go-programming-language-exercise/ch7/myeval/check.go:18.37,20.3 1 0
the-go-programming-language-exercise/ch7/myeval/check.go:24.48,25.41 1 1
the-go-programming-language-exercise/ch7/myeval/check.go:28.2,28.40 1 1
the-go-programming-language-exercise/ch7/myeval/check.go:31.2,31.24 1 1
the-go-programming-language-exercise/ch7/myeval/check.go:25.41,27.3 1 0
the-go-programming-language-exercise/ch7/myeval/check.go:28.40,30.3 1 0
the-go-programming-language-exercise/ch7/myeval/check.go:36.46,38.9 2 1
the-go-programming-language-exercise/ch7/myeval/check.go:41.2,41.26 1 1
the-go-programming-language-exercise/ch7/myeval/check.go:45.2,45.29 1 1
the-go-programming-language-exercise/ch7/myeval/check.go:50.2,50.12 1 1
the-go-programming-language-exercise/ch7/myeval/check.go:38.9,40.3 1 1
the-go-programming-language-exercise/ch7/myeval/check.go:41.26,44.3 1 1
the-go-programming-language-exercise/ch7/myeval/check.go:45.29,46.41 1 1
the-go-programming-language-exercise/ch7/myeval/check.go:46.41,48.4 1 0
the-go-programming-language-exercise/ch7/myeval/myeval.go:10.33,12.2 1 1
the-go-programming-language-exercise/ch7/myeval/myeval.go:15.35,17.2 1 1
the-go-programming-language-exercise/ch7/myeval/myeval.go:23.35,24.14 1 1
the-go-programming-language-exercise/ch7/myeval/myeval.go:30.2,30.49 1 0
the-go-programming-language-exercise/ch7/myeval/myeval.go:25.11,26.24 1 1
the-go-programming-language-exercise/ch7/myeval/myeval.go:27.11,28.24 1 1
the-go-programming-language-exercise/ch7/myeval/myeval.go:37.36,38.14 1 1
the-go-programming-language-exercise/ch7/myeval/myeval.go:48.2,48.50 1 0
the-go-programming-language-exercise/ch7/myeval/myeval.go:39.11,40.37 1 1
the-go-programming-language-exercise/ch7/myeval/myeval.go:41.11,42.37 1 1
the-go-programming-language-exercise/ch7/myeval/myeval.go:43.11,44.37 1 1
the-go-programming-language-exercise/ch7/myeval/myeval.go:45.11,46.37 1 1
the-go-programming-language-exercise/ch7/myeval/myeval.go:55.37,56.14 1 1
the-go-programming-language-exercise/ch7/myeval/myeval.go:64.2,64.59 1 0
the-go-programming-language-exercise/ch7/myeval/myeval.go:57.13,58.60 1 1
the-go-programming-language-exercise/ch7/myeval/myeval.go:59.13,60.39 1 0
the-go-programming-language-exercise/ch7/myeval/myeval.go:61.14,62.40 1 1
the-go-programming-language-exercise/ch7/myeval/myeval.go:74.28,88.27 3 0
the-go-programming-language-exercise/ch7/myeval/myeval.go:88.27,89.24 1 0
the-go-programming-language-exercise/ch7/myeval/myeval.go:93.3,94.14 2 0
the-go-programming-language-exercise/ch7/myeval/myeval.go:98.3,100.23 3 0
the-go-programming-language-exercise/ch7/myeval/myeval.go:89.24,92.4 2 0
the-go-programming-language-exercise/ch7/myeval/myeval.go:94.14,96.12 2 0
the-go-programming-language-exercise/ch7/myeval/myeval.go:100.23,103.4 1 0
the-go-programming-language-exercise/ch7/myeval/myeval.go:107.31,115.4 1 0
the-go-programming-language-exercise/ch7/myeval/myeval.go:115.4,117.17 2 0
the-go-programming-language-exercise/ch7/myeval/myeval.go:125.3,126.34 2 0
the-go-programming-language-exercise/ch7/myeval/myeval.go:117.17,120.18 3 0
the-go-programming-language-exercise/ch7/myeval/myeval.go:120.18,122.13 2 0
the-go-programming-language-exercise/ch7/myeval/myeval.go:126.34,128.4 1 0
the-go-programming-language-exercise/ch7/myeval/parse.go:18.33,18.64 1 1
the-go-programming-language-exercise/ch7/myeval/parse.go:19.33,19.64 1 1
the-go-programming-language-exercise/ch7/myeval/parse.go:24.37,25.19 1 1
the-go-programming-language-exercise/ch7/myeval/parse.go:33.2,33.43 1 1
the-go-programming-language-exercise/ch7/myeval/parse.go:26.19,27.23 1 0
the-go-programming-language-exercise/ch7/myeval/parse.go:28.21,29.50 1 0
the-go-programming-language-exercise/ch7/myeval/parse.go:30.34,31.46 1 0
the-go-programming-language-exercise/ch7/myeval/parse.go:36.30,37.12 1 1
the-go-programming-language-exercise/ch7/myeval/parse.go:43.2,43.10 1 1
the-go-programming-language-exercise/ch7/myeval/parse.go:38.16,39.11 1 1
the-go-programming-language-exercise/ch7/myeval/parse.go:40.16,41.11 1 1
the-go-programming-language-exercise/ch7/myeval/parse.go:56.46,57.15 1 1
the-go-programming-language-exercise/ch7/myeval/parse.go:68.2,73.30 6 1
the-go-programming-language-exercise/ch7/myeval/parse.go:76.2,76.15 1 1
the-go-programming-language-exercise/ch7/myeval/parse.go:57.15,58.32 1 1
the-go-programming-language-exercise/ch7/myeval/parse.go:59.12,59.12 0 1
the-go-programming-language-exercise/ch7/myeval/parse.go:61.17,62.29 1 1
the-go-programming-language-exercise/ch7/myeval/parse.go:63.11,65.12 1 0
the-go-programming-language-exercise/ch7/myeval/parse.go:73.30,75.3 1 1
the-go-programming-language-exercise/ch7/myeval/parse.go:79.33,79.63 1 1
the-go-programming-language-exercise/ch7/myeval/parse.go:84.46,86.59 2 1
the-go-programming-language-exercise/ch7/myeval/parse.go:94.2,94.12 1 1
the-go-programming-language-exercise/ch7/myeval/parse.go:86.59,87.37 1 1
the-go-programming-language-exercise/ch7/myeval/parse.go:87.37,92.4 4 1
the-go-programming-language-exercise/ch7/myeval/parse.go:98.34,99.42 1 1
the-go-programming-language-exercise/ch7/myeval/parse.go:104.2,104.26 1 1
the-go-programming-language-exercise/ch7/myeval/parse.go:99.42,103.3 3 1
the-go-programming-language-exercise/ch7/myeval/parse.go:111.36,112.19 1 1
the-go-programming-language-exercise/ch7/myeval/parse.go:155.2,156.22 2 1
the-go-programming-language-exercise/ch7/myeval/parse.go:113.21,116.23 3 1
the-go-programming-language-exercise/ch7/myeval/parse.go:119.3,121.23 3 1
the-go-programming-language-exercise/ch7/myeval/parse.go:134.3,135.24 2 1
the-go-programming-language-exercise/ch7/myeval/parse.go:137.34,139.17 2 1
the-go-programming-language-exercise/ch7/myeval/parse.go:142.3,143.20 2 1
the-go-programming-language-exercise/ch7/myeval/parse.go:145.11,148.23 3 1
the-go-programming-language-exercise/ch7/myeval/parse.go:152.3,153.11 2 1
the-go-programming-language-exercise/ch7/myeval/parse.go:116.23,118.4 1 1
the-go-programming-language-exercise/ch7/myeval/parse.go:121.23,122.8 1 1
the-go-programming-language-exercise/ch7/myeval/parse.go:129.4,129.24 1 1
the-go-programming-language-exercise/ch7/myeval/parse.go:122.8,124.25 2 1
the-go-programming-language-exercise/ch7/myeval/parse.go:127.5,127.15 1 1
the-go-programming-language-exercise/ch7/myeval/parse.go:124.25,125.11 1 1
the-go-programming-language-exercise/ch7/myeval/parse.go:129.24,131.25 2 0
the-go-programming-language-exercise/ch7/myeval/parse.go:139.17,140.32 1 0
the-go-programming-language-exercise/ch7/myeval/parse.go:148.23,150.24 2 0
